<?xml version="1.0" encoding="UTF-8"?>
<!-- Generated by org.testng.reporters.JUnitReportReporter -->
<testsuite hostname="DESKTOP-ON946UQ" failures="0" tests="3" name="com.webmath.algebra.AlgebraFactoringPolynomials" time="27.644" errors="0" timestamp="2023-07-29T10:51:06 IST" skipped="0">
  <testcase classname="com.webmath.algebra.AlgebraFactoringPolynomials" name="usingGCF" time="9.609"/>
  <system-out/>
  <testcase classname="com.webmath.algebra.AlgebraFactoringPolynomials" name="diffOftwoSquares" time="8.714"/>
  <system-out/>
  <testcase classname="com.webmath.algebra.AlgebraFactoringPolynomials" name="trinomials" time="9.321"/>
  <system-out/>
</testsuite> <!-- com.webmath.algebra.AlgebraFactoringPolynomials -->
