<?xml version="1.0" encoding="UTF-8"?>
<!-- Generated by org.testng.reporters.JUnitReportReporter -->
<testsuite hostname="DESKTOP-ON946UQ" failures="0" tests="1" name="com.webmath.algebra.AlgebraWordProblems" time="22.726" errors="0" timestamp="2023-07-28T11:42:11 IST" skipped="0">
  <testcase classname="com.webmath.algebra.AlgebraWordProblems" name="percentage" time="22.726"/>
  <system-out/>
</testsuite> <!-- com.webmath.algebra.AlgebraWordProblems -->
