<?xml version="1.0" encoding="UTF-8"?>
<!-- Generated by org.testng.reporters.JUnitReportReporter -->
<testsuite hostname="DESKTOP-ON946UQ" failures="0" tests="2" name="com.webmath.algebra.AlgebraInequalities" time="17.775" errors="0" timestamp="2023-07-29T11:56:52 IST" skipped="0">
  <testcase classname="com.webmath.algebra.AlgebraInequalities" name="solvingInequalities" time="10.154"/>
  <system-out/>
  <testcase classname="com.webmath.algebra.AlgebraInequalities" name="graphing" time="7.621"/>
  <system-out/>
</testsuite> <!-- com.webmath.algebra.AlgebraInequalities -->
