<?xml version="1.0" encoding="UTF-8"?>
<!-- Generated by org.testng.reporters.JUnitReportReporter -->
<testsuite hostname="DESKTOP-ON946UQ" failures="0" tests="4" name="com.webmath.algebra.WebMathAlgebraSimplyfingExpressions" time="55.960" errors="0" timestamp="2023-07-27T16:07:06 IST" skipped="0">
  <testcase classname="com.webmath.algebra.WebMathAlgebraSimplyfingExpressions" name="testProductsSection" time="23.462"/>
  <system-out/>
  <testcase classname="com.webmath.algebra.WebMathAlgebraSimplyfingExpressions" name="testPowersSection" time="12.762"/>
  <system-out/>
  <testcase classname="com.webmath.algebra.WebMathAlgebraSimplyfingExpressions" name="testLikeTermsSection" time="9.707"/>
  <system-out/>
  <testcase classname="com.webmath.algebra.WebMathAlgebraSimplyfingExpressions" name="testAnythingElseSection" time="10.029"/>
  <system-out/>
</testsuite> <!-- com.webmath.algebra.WebMathAlgebraSimplyfingExpressions -->
