<?xml version="1.0" encoding="UTF-8"?>
<!-- Generated by org.testng.reporters.JUnitReportReporter -->
<testsuite hostname="DESKTOP-ON946UQ" failures="0" tests="3" name="com.webmath.algebra.AlgebraSolvingEquations" time="42.491" errors="0" timestamp="2023-07-29T11:38:58 IST" skipped="0">
  <testcase classname="com.webmath.algebra.AlgebraSolvingEquations" name="oneEquation" time="7.981"/>
  <system-out/>
  <testcase classname="com.webmath.algebra.AlgebraSolvingEquations" name="twoEquations" time="11.104"/>
  <system-out/>
  <testcase classname="com.webmath.algebra.AlgebraSolvingEquations" name="numerically" time="23.406"/>
  <system-out/>
</testsuite> <!-- com.webmath.algebra.AlgebraSolvingEquations -->
