<?xml version="1.0" encoding="UTF-8"?>
<!-- Generated by org.testng.reporters.JUnitReportReporter -->
<testsuite hostname="DESKTOP-ON946UQ" failures="0" tests="5" name="com.webmath.algebra.AlgebraPolynomials" time="17.577" errors="0" timestamp="2023-07-28T12:27:42 IST" skipped="0">
  <testcase classname="com.webmath.algebra.AlgebraPolynomials" name="addSub" time="8.995"/>
  <system-out/>
  <testcase classname="com.webmath.algebra.AlgebraPolynomials" name="exponent" time="2.785"/>
  <system-out/>
  <testcase classname="com.webmath.algebra.AlgebraPolynomials" name="square" time="1.808"/>
  <system-out/>
  <testcase classname="com.webmath.algebra.AlgebraPolynomials" name="div" time="2.276"/>
  <system-out/>
  <testcase classname="com.webmath.algebra.AlgebraPolynomials" name="multiply" time="1.713"/>
  <system-out/>
</testsuite> <!-- com.webmath.algebra.AlgebraPolynomials -->
