<?xml version="1.0" encoding="UTF-8"?>
<!-- Generated by org.testng.reporters.JUnitReportReporter -->
<testsuite hostname="DESKTOP-ON946UQ" failures="0" tests="2" name="com.webmath.algebra.AlgebraQuadraticEquations" time="17.582" errors="0" timestamp="2023-07-28T15:05:01 IST" skipped="0">
  <testcase classname="com.webmath.algebra.AlgebraQuadraticEquations" name="solveByFactoring" time="8.819"/>
  <system-out/>
  <testcase classname="com.webmath.algebra.AlgebraQuadraticEquations" name="quadraticFormula" time="8.763"/>
  <system-out/>
</testsuite> <!-- com.webmath.algebra.AlgebraQuadraticEquations -->
