<?xml version="1.0" encoding="UTF-8"?>
<!-- Generated by org.testng.reporters.JUnitReportReporter -->
<testsuite hostname="DESKTOP-ON946UQ" failures="0" tests="2" name="com.webmath.algebra.InequalitiesAlgebra" time="14.334" errors="0" timestamp="2023-07-27T17:19:15 IST" skipped="0">
  <testcase classname="com.webmath.algebra.InequalitiesAlgebra" name="testPowersSection" time="7.290"/>
  <system-out/>
  <testcase classname="com.webmath.algebra.InequalitiesAlgebra" name="testProductsSection" time="7.044"/>
  <system-out/>
</testsuite> <!-- com.webmath.algebra.InequalitiesAlgebra -->
