<?xml version="1.0" encoding="UTF-8"?>
<!-- Generated by org.testng.reporters.JUnitReportReporter -->
<testsuite hostname="DESKTOP-ON946UQ" failures="0" tests="2" name="com.webmath.algebra.AlgebraComplexNumbers" time="14.701" errors="0" timestamp="2023-07-28T14:35:30 IST" skipped="0">
  <testcase classname="com.webmath.algebra.AlgebraComplexNumbers" name="add" time="8.156"/>
  <system-out/>
  <testcase classname="com.webmath.algebra.AlgebraComplexNumbers" name="powerOfi" time="6.545"/>
  <system-out/>
</testsuite> <!-- com.webmath.algebra.AlgebraComplexNumbers -->
