<?xml version="1.0" encoding="UTF-8"?>
<!-- Generated by org.testng.reporters.JUnitReportReporter -->
<testsuite hostname="DESKTOP-ON946UQ" failures="0" tests="4" name="com.webmath.algebra.AlgebraSimplifyngExpressions" time="37.028" errors="0" timestamp="2023-07-29T11:37:52 IST" skipped="0">
  <testcase classname="com.webmath.algebra.AlgebraSimplifyngExpressions" name="powers" time="10.203"/>
  <system-out/>
  <testcase classname="com.webmath.algebra.AlgebraSimplifyngExpressions" name="products" time="8.332"/>
  <system-out/>
  <testcase classname="com.webmath.algebra.AlgebraSimplifyngExpressions" name="likeTerms" time="9.131"/>
  <system-out/>
  <testcase classname="com.webmath.algebra.AlgebraSimplifyngExpressions" name="anythingElse" time="9.362"/>
  <system-out/>
</testsuite> <!-- com.webmath.algebra.AlgebraSimplifyngExpressions -->
