<?xml version="1.0" encoding="UTF-8"?>
<!-- Generated by org.testng.reporters.JUnitReportReporter -->
<testsuite hostname="DESKTOP-ON946UQ" failures="0" tests="1" name="com.webmath.algebra.AlgebraRadicalExpressions" time="12.252" errors="0" timestamp="2023-07-28T13:14:36 IST" skipped="0">
  <testcase classname="com.webmath.algebra.AlgebraRadicalExpressions" name="multiply" time="12.252"/>
  <system-out/>
</testsuite> <!-- com.webmath.algebra.AlgebraRadicalExpressions -->
