<?xml version="1.0" encoding="UTF-8"?>
<!-- Generated by org.testng.reporters.JUnitReportReporter -->
<testsuite hostname="DESKTOP-ON946UQ" failures="0" tests="2" name="com.webmath.algebra.AlgebraPowers" time="18.581" errors="0" timestamp="2023-07-29T12:22:41 IST" skipped="0">
  <testcase classname="com.webmath.algebra.AlgebraPowers" name="squareRoots" time="10.286"/>
  <system-out/>
  <testcase classname="com.webmath.algebra.AlgebraPowers" name="multiply" time="8.295"/>
  <system-out/>
</testsuite> <!-- com.webmath.algebra.AlgebraPowers -->
